a = datetime.today().strftime("%d.%m.%Y")
/wiki
/wiki
/wiki
/wiki
/wiki
/wiki
/wiki
/wiki
/contacts
/contacts
/contacts
.
..
.
.
..
..
.
✋ Отмена
/statistics
/statistics
/statistics
push
push
push
Отписаться
Подписаться
Подписаться
Подписаться
Подписаться
Подписаться
Подписаться
Отписаться
Подписаться
Подписаться
Подписаться
Подписаться
Подписаться
Отписаться
Уведомления о встречах
Заявки поддержки
Уведомления о встречах
Подписаться
Подписаться
Отписаться
Подписаться
Отписаться
Подписаться✅
Подписаться✅
Подписаться✅
Подписаться✅
Подписаться✅
Подписаться✅
Отписаться❌
Подписаться✅
Отписаться❌
Подписаться✅
Подписаться✅
Подписаться✅
Подписаться✅
Подписаться✅
Отписаться❌
Подписаться✅
Отписаться❌
Уведомления о встречах
Уведомления о встречах
Заявки поддержки
Уведомления о встречах
Уведомления о встречах
Заявки поддержки
Заявки поддержки
Уведомления о встречах
Отписаться❌
Подписаться✅
Подписаться✅
Отписаться❌
Подписаться✅
Подписаться✅
Подписаться✅
Отписаться❌
Отписаться❌
Отписаться❌
Отписаться❌
Заявки поддержки
Уведомления о встречах
даниловский
Уведомления о встречах
:thytdcrfz
как дела?
Как твои дела?
Сколько будет 4 + 4?
Как на вкус яичница ?
погода на сегодня?
погода на сегодня?
